2013-04-27 21:45:05,656 - [INFO] - from play in main 
Listening for HTTP on port 9000...

2013-04-27 21:46:12,041 - [ERROR] - from com.jolbox.bonecp.hooks.AbstractConnectionHook in play-akka.actor.default-dispatcher-3 
Failed to obtain initial connection Sleeping for 0ms and trying again. Attempts left: 0. Exception: java.net.UnknownHostException: ec2-54-243-249-191.compute-1.amazonaws.com

2013-04-27 21:46:12,076 - [ERROR] - from application in New I/O  worker #1 


! @6e5ahnd2g - Internal server error, for request [GET /] ->

play.api.Configuration$$anon$1: Configuration error [Cannot connect to database [default]]
	at play.api.Configuration$.play$api$Configuration$$configError(Configuration.scala:71) ~[play_2.9.1.jar:2.0.4]
	at play.api.Configuration.reportError(Configuration.scala:258) ~[play_2.9.1.jar:2.0.4]
	at play.api.db.BoneCPPlugin$$anonfun$onStart$1.apply(DB.scala:249) ~[play_2.9.1.jar:2.0.4]
	at play.api.db.BoneCPPlugin$$anonfun$onStart$1.apply(DB.scala:240) ~[play_2.9.1.jar:2.0.4]
	at scala.collection.TraversableLike$$anonfun$map$1.apply(TraversableLike.scala:194) ~[scala-library.jar:0.11.3]
	at scala.collection.TraversableLike$$anonfun$map$1.apply(TraversableLike.scala:194) ~[scala-library.jar:0.11.3]
	at scala.collection.LinearSeqOptimized$class.foreach(LinearSeqOptimized.scala:59) ~[scala-library.jar:0.11.3]
	at scala.collection.immutable.List.foreach(List.scala:45) ~[scala-library.jar:0.11.3]
	at scala.collection.TraversableLike$class.map(TraversableLike.scala:194) ~[scala-library.jar:0.11.3]
	at scala.collection.immutable.List.map(List.scala:45) ~[scala-library.jar:0.11.3]
	at play.api.db.BoneCPPlugin.onStart(DB.scala:240) ~[play_2.9.1.jar:2.0.4]
	at play.api.Play$$anonfun$start$1.apply(Play.scala:60) ~[play_2.9.1.jar:2.0.4]
	at play.api.Play$$anonfun$start$1.apply(Play.scala:60) ~[play_2.9.1.jar:2.0.4]
	at scala.collection.LinearSeqOptimized$class.foreach(LinearSeqOptimized.scala:59) ~[scala-library.jar:0.11.3]
	at scala.collection.immutable.List.foreach(List.scala:45) ~[scala-library.jar:0.11.3]
	at play.api.Play$.start(Play.scala:60) ~[play_2.9.1.jar:2.0.4]
	at play.core.ReloadableApplication$$anonfun$get$1$$anonfun$apply$3$$anonfun$1.apply(ApplicationProvider.scala:125) ~[play_2.9.1.jar:2.0.4]
	at play.core.ReloadableApplication$$anonfun$get$1$$anonfun$apply$3$$anonfun$1.apply(ApplicationProvider.scala:112) ~[play_2.9.1.jar:2.0.4]
	at scala.Option.map(Option.scala:133) ~[scala-library.jar:0.11.3]
	at play.core.ReloadableApplication$$anonfun$get$1$$anonfun$apply$3.apply(ApplicationProvider.scala:112) ~[play_2.9.1.jar:2.0.4]
	at play.core.ReloadableApplication$$anonfun$get$1$$anonfun$apply$3.apply(ApplicationProvider.scala:110) ~[play_2.9.1.jar:2.0.4]
	at scala.Either$RightProjection.flatMap(Either.scala:277) ~[scala-library.jar:0.11.3]
	at play.core.ReloadableApplication$$anonfun$get$1.apply(ApplicationProvider.scala:110) ~[play_2.9.1.jar:2.0.4]
	at play.core.ReloadableApplication$$anonfun$get$1.apply(ApplicationProvider.scala:110) ~[play_2.9.1.jar:2.0.4]
	at akka.dispatch.Future$$anon$3.liftedTree1$1(Future.scala:195) ~[akka-actor.jar:2.0.2]
	at akka.dispatch.Future$$anon$3.run(Future.scala:194) ~[akka-actor.jar:2.0.2]
	at akka.dispatch.TaskInvocation.run(AbstractDispatcher.scala:94) ~[akka-actor.jar:2.0.2]
	at akka.jsr166y.ForkJoinTask$AdaptedRunnableAction.exec(ForkJoinTask.java:1381) ~[akka-actor.jar:2.0.2]
	at akka.jsr166y.ForkJoinTask.doExec(ForkJoinTask.java:259) ~[akka-actor.jar:2.0.2]
	at akka.jsr166y.ForkJoinPool$WorkQueue.runTask(ForkJoinPool.java:975) ~[akka-actor.jar:2.0.2]
	at akka.jsr166y.ForkJoinPool.runWorker(ForkJoinPool.java:1479) ~[akka-actor.jar:2.0.2]
	at akka.jsr166y.ForkJoinWorkerThread.run(ForkJoinWorkerThread.java:104) ~[akka-actor.jar:2.0.2]
Caused by: org.postgresql.util.PSQLException: The connection attempt failed.
	at org.postgresql.core.v3.ConnectionFactoryImpl.openConnectionImpl(ConnectionFactoryImpl.java:150) ~[postgresql-9.1-901.jdbc4.jar:na]
	at org.postgresql.core.ConnectionFactory.openConnection(ConnectionFactory.java:66) ~[postgresql-9.1-901.jdbc4.jar:na]
	at org.postgresql.jdbc2.AbstractJdbc2Connection.<init>(AbstractJdbc2Connection.java:125) ~[postgresql-9.1-901.jdbc4.jar:na]
	at org.postgresql.jdbc3.AbstractJdbc3Connection.<init>(AbstractJdbc3Connection.java:30) ~[postgresql-9.1-901.jdbc4.jar:na]
	at org.postgresql.jdbc3g.AbstractJdbc3gConnection.<init>(AbstractJdbc3gConnection.java:22) ~[postgresql-9.1-901.jdbc4.jar:na]
	at org.postgresql.jdbc4.AbstractJdbc4Connection.<init>(AbstractJdbc4Connection.java:30) ~[postgresql-9.1-901.jdbc4.jar:na]
	at org.postgresql.jdbc4.Jdbc4Connection.<init>(Jdbc4Connection.java:24) ~[postgresql-9.1-901.jdbc4.jar:na]
	at org.postgresql.Driver.makeConnection(Driver.java:393) ~[postgresql-9.1-901.jdbc4.jar:na]
	at org.postgresql.Driver.connect(Driver.java:267) ~[postgresql-9.1-901.jdbc4.jar:na]
	at java.sql.DriverManager.getConnection(DriverManager.java:620) ~[na:1.6.0_24]
	at java.sql.DriverManager.getConnection(DriverManager.java:200) ~[na:1.6.0_24]
	at com.jolbox.bonecp.BoneCP.obtainRawInternalConnection(BoneCP.java:256) ~[bonecp.jar:0.7.1.RELEASE]
	at com.jolbox.bonecp.BoneCP.<init>(BoneCP.java:305) ~[bonecp.jar:0.7.1.RELEASE]
	at com.jolbox.bonecp.BoneCPDataSource.maybeInit(BoneCPDataSource.java:150) ~[bonecp.jar:0.7.1.RELEASE]
	at com.jolbox.bonecp.BoneCPDataSource.getConnection(BoneCPDataSource.java:112) ~[bonecp.jar:0.7.1.RELEASE]
	at play.api.db.BoneCPPlugin$$anonfun$onStart$1.apply(DB.scala:242) ~[play_2.9.1.jar:2.0.4]
	... 29 common frames omitted
Caused by: java.net.UnknownHostException: ec2-54-243-249-191.compute-1.amazonaws.com
	at java.net.AbstractPlainSocketImpl.connect(AbstractPlainSocketImpl.java:175) ~[na:1.6.0_24]
	at java.net.SocksSocketImpl.connect(SocksSocketImpl.java:384) ~[na:1.6.0_24]
	at java.net.Socket.connect(Socket.java:546) ~[na:1.6.0_24]
	at java.net.Socket.connect(Socket.java:495) ~[na:1.6.0_24]
	at java.net.Socket.<init>(Socket.java:392) ~[na:1.6.0_24]
	at java.net.Socket.<init>(Socket.java:206) ~[na:1.6.0_24]
	at org.postgresql.core.PGStream.<init>(PGStream.java:62) ~[postgresql-9.1-901.jdbc4.jar:na]
	at org.postgresql.core.v3.ConnectionFactoryImpl.openConnectionImpl(ConnectionFactoryImpl.java:76) ~[postgresql-9.1-901.jdbc4.jar:na]
	... 44 common frames omitted

2013-04-27 21:53:00,635 - [INFO] - from application in play-akka.actor.default-dispatcher-3 
Loaded templates plugin: securesocial.controllers.DefaultTemplatesPlugin

2013-04-27 21:53:00,824 - [INFO] - from play in play-akka.actor.default-dispatcher-3 
Starting application default Akka system.

2013-04-27 21:53:00,891 - [INFO] - from application in play-akka.actor.default-dispatcher-3 
Registered UserService: class service.InMemoryUserService

2013-04-27 21:53:00,892 - [INFO] - from application in play-akka.actor.default-dispatcher-3 
Loaded BCryptPasswordHasher

2013-04-27 21:53:00,893 - [INFO] - from application in play-akka.actor.default-dispatcher-3 
Registered Identity Provider: twitter

2013-04-27 21:53:00,893 - [INFO] - from application in play-akka.actor.default-dispatcher-3 
Registered Identity Provider: facebook

2013-04-27 21:53:00,893 - [INFO] - from application in play-akka.actor.default-dispatcher-3 
Registered Identity Provider: google

2013-04-27 21:53:00,894 - [INFO] - from application in play-akka.actor.default-dispatcher-3 
Registered Identity Provider: linkedin

2013-04-27 21:53:00,894 - [INFO] - from application in play-akka.actor.default-dispatcher-3 
Registered Identity Provider: userpass

2013-04-27 21:53:00,894 - [INFO] - from application in play-akka.actor.default-dispatcher-3 
Registered Identity Provider: github

2013-04-27 21:53:00,934 - [DEBUG] - from application in application-akka.actor.default-dispatcher-3 
Calling deleteExpiredTokens()

2013-04-27 21:53:00,980 - [INFO] - from play in play-akka.actor.default-dispatcher-3 
Application started (Dev)

2013-04-27 21:55:37,662 - [INFO] - from play in play-akka.actor.default-dispatcher-7 
Shutdown application default Akka system.

2013-04-27 21:55:37,951 - [DEBUG] - from application in application-akka.actor.default-dispatcher-1 
Calling deleteExpiredTokens()

2013-04-27 21:55:48,674 - [ERROR] - from com.jolbox.bonecp.hooks.AbstractConnectionHook in play-akka.actor.default-dispatcher-7 
Failed to obtain initial connection Sleeping for 0ms and trying again. Attempts left: 0. Exception: null

2013-04-27 21:55:48,823 - [ERROR] - from application in New I/O  worker #1 


! @6e5ahnd2h - Internal server error, for request [GET /] ->

play.api.Configuration$$anon$1: Configuration error [Cannot connect to database [default]]
	at play.api.Configuration$.play$api$Configuration$$configError(Configuration.scala:71) ~[play_2.9.1.jar:2.0.4]
	at play.api.Configuration.reportError(Configuration.scala:258) ~[play_2.9.1.jar:2.0.4]
	at play.api.db.BoneCPPlugin$$anonfun$onStart$1.apply(DB.scala:249) ~[play_2.9.1.jar:2.0.4]
	at play.api.db.BoneCPPlugin$$anonfun$onStart$1.apply(DB.scala:240) ~[play_2.9.1.jar:2.0.4]
	at scala.collection.TraversableLike$$anonfun$map$1.apply(TraversableLike.scala:194) ~[scala-library.jar:0.11.3]
	at scala.collection.TraversableLike$$anonfun$map$1.apply(TraversableLike.scala:194) ~[scala-library.jar:0.11.3]
	at scala.collection.LinearSeqOptimized$class.foreach(LinearSeqOptimized.scala:59) ~[scala-library.jar:0.11.3]
	at scala.collection.immutable.List.foreach(List.scala:45) ~[scala-library.jar:0.11.3]
	at scala.collection.TraversableLike$class.map(TraversableLike.scala:194) ~[scala-library.jar:0.11.3]
	at scala.collection.immutable.List.map(List.scala:45) ~[scala-library.jar:0.11.3]
	at play.api.db.BoneCPPlugin.onStart(DB.scala:240) ~[play_2.9.1.jar:2.0.4]
	at play.api.Play$$anonfun$start$1.apply(Play.scala:60) ~[play_2.9.1.jar:2.0.4]
	at play.api.Play$$anonfun$start$1.apply(Play.scala:60) ~[play_2.9.1.jar:2.0.4]
	at scala.collection.LinearSeqOptimized$class.foreach(LinearSeqOptimized.scala:59) ~[scala-library.jar:0.11.3]
	at scala.collection.immutable.List.foreach(List.scala:45) ~[scala-library.jar:0.11.3]
	at play.api.Play$.start(Play.scala:60) ~[play_2.9.1.jar:2.0.4]
	at play.core.ReloadableApplication$$anonfun$get$1$$anonfun$apply$3$$anonfun$1.apply(ApplicationProvider.scala:125) ~[play_2.9.1.jar:2.0.4]
	at play.core.ReloadableApplication$$anonfun$get$1$$anonfun$apply$3$$anonfun$1.apply(ApplicationProvider.scala:112) ~[play_2.9.1.jar:2.0.4]
	at scala.Option.map(Option.scala:133) ~[scala-library.jar:0.11.3]
	at play.core.ReloadableApplication$$anonfun$get$1$$anonfun$apply$3.apply(ApplicationProvider.scala:112) ~[play_2.9.1.jar:2.0.4]
	at play.core.ReloadableApplication$$anonfun$get$1$$anonfun$apply$3.apply(ApplicationProvider.scala:110) ~[play_2.9.1.jar:2.0.4]
	at scala.Either$RightProjection.flatMap(Either.scala:277) ~[scala-library.jar:0.11.3]
	at play.core.ReloadableApplication$$anonfun$get$1.apply(ApplicationProvider.scala:110) ~[play_2.9.1.jar:2.0.4]
	at play.core.ReloadableApplication$$anonfun$get$1.apply(ApplicationProvider.scala:110) ~[play_2.9.1.jar:2.0.4]
	at akka.dispatch.Future$$anon$3.liftedTree1$1(Future.scala:195) ~[akka-actor.jar:2.0.2]
	at akka.dispatch.Future$$anon$3.run(Future.scala:194) ~[akka-actor.jar:2.0.2]
	at akka.dispatch.TaskInvocation.run(AbstractDispatcher.scala:94) ~[akka-actor.jar:2.0.2]
	at akka.jsr166y.ForkJoinTask$AdaptedRunnableAction.exec(ForkJoinTask.java:1381) ~[akka-actor.jar:2.0.2]
	at akka.jsr166y.ForkJoinTask.doExec(ForkJoinTask.java:259) ~[akka-actor.jar:2.0.2]
	at akka.jsr166y.ForkJoinPool$WorkQueue.runTask(ForkJoinPool.java:975) ~[akka-actor.jar:2.0.2]
	at akka.jsr166y.ForkJoinPool.runWorker(ForkJoinPool.java:1479) ~[akka-actor.jar:2.0.2]
	at akka.jsr166y.ForkJoinWorkerThread.run(ForkJoinWorkerThread.java:104) ~[akka-actor.jar:2.0.2]
Caused by: org.postgresql.util.PSQLException: FATAL: no pg_hba.conf entry for host "223.237.129.244", user "orcilbsdcunihe", database "d2k2kdrea9cv1i", SSL off
	at org.postgresql.core.v3.ConnectionFactoryImpl.doAuthentication(ConnectionFactoryImpl.java:291) ~[postgresql-9.1-901.jdbc4.jar:na]
	at org.postgresql.core.v3.ConnectionFactoryImpl.openConnectionImpl(ConnectionFactoryImpl.java:108) ~[postgresql-9.1-901.jdbc4.jar:na]
	at org.postgresql.core.ConnectionFactory.openConnection(ConnectionFactory.java:66) ~[postgresql-9.1-901.jdbc4.jar:na]
	at org.postgresql.jdbc2.AbstractJdbc2Connection.<init>(AbstractJdbc2Connection.java:125) ~[postgresql-9.1-901.jdbc4.jar:na]
	at org.postgresql.jdbc3.AbstractJdbc3Connection.<init>(AbstractJdbc3Connection.java:30) ~[postgresql-9.1-901.jdbc4.jar:na]
	at org.postgresql.jdbc3g.AbstractJdbc3gConnection.<init>(AbstractJdbc3gConnection.java:22) ~[postgresql-9.1-901.jdbc4.jar:na]
	at org.postgresql.jdbc4.AbstractJdbc4Connection.<init>(AbstractJdbc4Connection.java:30) ~[postgresql-9.1-901.jdbc4.jar:na]
	at org.postgresql.jdbc4.Jdbc4Connection.<init>(Jdbc4Connection.java:24) ~[postgresql-9.1-901.jdbc4.jar:na]
	at org.postgresql.Driver.makeConnection(Driver.java:393) ~[postgresql-9.1-901.jdbc4.jar:na]
	at org.postgresql.Driver.connect(Driver.java:267) ~[postgresql-9.1-901.jdbc4.jar:na]
	at play.utils.ProxyDriver.connect(ProxyDriver.scala:9) ~[play_2.9.1.jar:2.0.4]
	at java.sql.DriverManager.getConnection(DriverManager.java:620) ~[na:1.6.0_24]
	at java.sql.DriverManager.getConnection(DriverManager.java:200) ~[na:1.6.0_24]
	at com.jolbox.bonecp.BoneCP.obtainRawInternalConnection(BoneCP.java:256) ~[bonecp.jar:0.7.1.RELEASE]
	at com.jolbox.bonecp.BoneCP.<init>(BoneCP.java:305) ~[bonecp.jar:0.7.1.RELEASE]
	at com.jolbox.bonecp.BoneCPDataSource.maybeInit(BoneCPDataSource.java:150) ~[bonecp.jar:0.7.1.RELEASE]
	at com.jolbox.bonecp.BoneCPDataSource.getConnection(BoneCPDataSource.java:112) ~[bonecp.jar:0.7.1.RELEASE]
	at play.api.db.BoneCPPlugin$$anonfun$onStart$1.apply(DB.scala:242) ~[play_2.9.1.jar:2.0.4]
	... 29 common frames omitted

